Info: Starting: Create simulation model
Info: qsys-generate D:\FPGAFiRe\FPGAprojects\costas\quartus_prj\ip_core\NCO\NCO.qsys --simulation=VERILOG --allow-mixed-language-simulation --output-directory=D:\FPGAFiRe\FPGAprojects\costas\quartus_prj\ip_core\NCO\NCO\simulation --family="Cyclone V" --part=5CSEBA6U23I7
Progress: Loading NCO/NCO.qsys
Progress: Reading input file
Progress: Adding nco_ii_0 [altera_nco_ii 16.0]
Progress: Parameterizing module nco_ii_0
Progress: Building connections
Progress: Parameterizing connections
Progress: Validating
Progress: Done reading input file
Info: NCO: Generating NCO "NCO" for SIM_VERILOG
Info: nco_ii_0: "NCO" instantiated altera_nco_ii "nco_ii_0"
Info: NCO: Done "NCO" with 2 modules, 36 files
Info: qsys-generate succeeded.
Info: Finished: Create simulation model
Info: Starting: Create Modelsim Project.
Info: sim-script-gen --spd=D:\FPGAFiRe\FPGAprojects\costas\quartus_prj\ip_core\NCO\NCO\NCO.spd --output-directory=D:/FPGAFiRe/FPGAprojects/costas/quartus_prj/ip_core/NCO/NCO/simulation/ --use-relative-paths=true
Info: Doing: ip-make-simscript --spd=D:\FPGAFiRe\FPGAprojects\costas\quartus_prj\ip_core\NCO\NCO\NCO.spd --output-directory=D:/FPGAFiRe/FPGAprojects/costas/quartus_prj/ip_core/NCO/NCO/simulation/ --use-relative-paths=true
Info: Generating the following file(s) for MODELSIM simulator in D:/FPGAFiRe/FPGAprojects/costas/quartus_prj/ip_core/NCO/NCO/simulation/ directory:
Info: 	mentor/msim_setup.tcl
Info: Generating the following file(s) for VCS simulator in D:/FPGAFiRe/FPGAprojects/costas/quartus_prj/ip_core/NCO/NCO/simulation/ directory:
Info: 	synopsys/vcs/vcs_setup.sh
Info: Generating the following file(s) for VCSMX simulator in D:/FPGAFiRe/FPGAprojects/costas/quartus_prj/ip_core/NCO/NCO/simulation/ directory:
Info: 	synopsys/vcsmx/synopsys_sim.setup
Info: 	synopsys/vcsmx/vcsmx_setup.sh
Info: Generating the following file(s) for NCSIM simulator in D:/FPGAFiRe/FPGAprojects/costas/quartus_prj/ip_core/NCO/NCO/simulation/ directory:
Info: 	cadence/cds.lib
Info: 	cadence/hdl.var
Info: 	cadence/ncsim_setup.sh
Info: 	1 .cds.lib files in cadence/cds_libs/ directory
Info: Generating the following file(s) for RIVIERA simulator in D:/FPGAFiRe/FPGAprojects/costas/quartus_prj/ip_core/NCO/NCO/simulation/ directory:
Info: 	aldec/rivierapro_setup.tcl
Info: For information on how to simulate your IP, see the explanatory comments in the simulator-specific subdirectories under D:/FPGAFiRe/FPGAprojects/costas/quartus_prj/ip_core/NCO/NCO/simulation/.
Info: Finished: Create Modelsim Project.
Info: Starting: Create block symbol file (.bsf)
Info: qsys-generate D:\FPGAFiRe\FPGAprojects\costas\quartus_prj\ip_core\NCO\NCO.qsys --block-symbol-file --output-directory=D:\FPGAFiRe\FPGAprojects\costas\quartus_prj\ip_core\NCO\NCO --family="Cyclone V" --part=5CSEBA6U23I7
Progress: Loading NCO/NCO.qsys
Progress: Reading input file
Progress: Adding nco_ii_0 [altera_nco_ii 16.0]
Progress: Parameterizing module nco_ii_0
Progress: Building connections
Progress: Parameterizing connections
Progress: Validating
Progress: Done reading input file
Info: qsys-generate succeeded.
Info: Finished: Create block symbol file (.bsf)
Info: 
Info: Starting: Create HDL design files for synthesis
Info: qsys-generate D:\FPGAFiRe\FPGAprojects\costas\quartus_prj\ip_core\NCO\NCO.qsys --synthesis=VERILOG --output-directory=D:\FPGAFiRe\FPGAprojects\costas\quartus_prj\ip_core\NCO\NCO\synthesis --family="Cyclone V" --part=5CSEBA6U23I7
Progress: Loading NCO/NCO.qsys
Progress: Reading input file
Progress: Adding nco_ii_0 [altera_nco_ii 16.0]
Progress: Parameterizing module nco_ii_0
Progress: Building connections
Progress: Parameterizing connections
Progress: Validating
Progress: Done reading input file
Info: NCO: Generating NCO "NCO" for QUARTUS_SYNTH
Info: nco_ii_0: "NCO" instantiated altera_nco_ii "nco_ii_0"
Info: NCO: Done "NCO" with 2 modules, 21 files
Info: qsys-generate succeeded.
Info: Finished: Create HDL design files for synthesis
