Flow report for costas
Wed Mar 02 14:30:28 2022
Quartus Prime Version 16.0.0 Build 211 04/27/2016 SJ Standard Edition


---------------------
; Table of Contents ;
---------------------
  1. Legal Notice
  2. Flow Summary
  3. Flow Settings
  4. Flow Non-Default Global Settings
  5. Flow Elapsed Time
  6. Flow OS Summary
  7. Flow Log
  8. Flow Messages
  9. Flow Suppressed Messages



----------------
; Legal Notice ;
----------------
Copyright (C) 1991-2016 Altera Corporation. All rights reserved.
Your use of Altera Corporation's design tools, logic functions 
and other software and tools, and its AMPP partner logic 
functions, and any output files from any of the foregoing 
(including device programming or simulation files), and any 
associated documentation or information are expressly subject 
to the terms and conditions of the Altera Program License 
Subscription Agreement, the Altera Quartus Prime License Agreement,
the Altera MegaCore Function License Agreement, or other 
applicable license agreement, including, without limitation, 
that your use is for the sole purpose of programming logic 
devices manufactured by Altera and sold by Altera or its 
authorized distributors.  Please refer to the applicable 
agreement for further details.



+-----------------------------------------------------------------------------------+
; Flow Summary                                                                      ;
+---------------------------------+-------------------------------------------------+
; Flow Status                     ; Successful - Wed Mar 02 14:30:28 2022           ;
; Quartus Prime Version           ; 16.0.0 Build 211 04/27/2016 SJ Standard Edition ;
; Revision Name                   ; costas                                          ;
; Top-level Entity Name           ; costas                                          ;
; Family                          ; Cyclone V                                       ;
; Device                          ; 5CSEBA6U23I7                                    ;
; Timing Models                   ; Final                                           ;
; Logic utilization (in ALMs)     ; 1,106 / 41,910 ( 3 % )                          ;
; Total registers                 ; 2662                                            ;
; Total pins                      ; 52 / 314 ( 17 % )                               ;
; Total virtual pins              ; 0                                               ;
; Total block memory bits         ; 581,632 / 5,662,720 ( 10 % )                    ;
; Total PLLs                      ; 0 / 6 ( 0 % )                                   ;
; Total DLLs                      ; 0 / 4 ( 0 % )                                   ;
; Total DSP Blocks                ; 68 / 112 ( 61 % )                               ;
; Total HSSI RX PCSs              ; 0                                               ;
; Total HSSI PMA RX Deserializers ; 0                                               ;
; Total HSSI TX PCSs              ; 0                                               ;
; Total HSSI PMA TX Serializers   ; 0                                               ;
+---------------------------------+-------------------------------------------------+


+-----------------------------------------+
; Flow Settings                           ;
+-------------------+---------------------+
; Option            ; Setting             ;
+-------------------+---------------------+
; Start date & time ; 03/02/2022 00:32:02 ;
; Main task         ; Compilation         ;
; Revision Name     ; costas              ;
+-------------------+---------------------+


+---------------------------------------------------------------------------------------------------------------------------------------------------------------------------------------------------------------------------------------------------------------------------------------------------------------------------------------------------------------------------------------------------------------------------------------------------------------------------------------------------+
; Flow Non-Default Global Settings                                                                                                                                                                                                                                                                                                                                                                                                                                                                  ;
+--------------------------------------+-----------------------------------------------------------------------------------------------------------------------------------------------------------------------------------------------------------------------------------------------------------------------------------------------------------------------------------------------------------------------------------------------------------+---------------+-------------+------------------+
; Assignment Name                      ; Value                                                                                                                                                                                                                                                                                                                                                                                                     ; Default Value ; Entity Name ; Section Id       ;
+--------------------------------------+-----------------------------------------------------------------------------------------------------------------------------------------------------------------------------------------------------------------------------------------------------------------------------------------------------------------------------------------------------------------------------------------------------------+---------------+-------------+------------------+
; COMPILER_SIGNATURE_ID                ; 168202117523172.164615232108280                                                                                                                                                                                                                                                                                                                                                                           ; --            ; --          ; --               ;
; EDA_DESIGN_INSTANCE_NAME             ; NA                                                                                                                                                                                                                                                                                                                                                                                                        ; --            ; --          ; tb_LoopFilter    ;
; EDA_DESIGN_INSTANCE_NAME             ; NA                                                                                                                                                                                                                                                                                                                                                                                                        ; --            ; --          ; tb_dds_ctrl      ;
; EDA_DESIGN_INSTANCE_NAME             ; NA                                                                                                                                                                                                                                                                                                                                                                                                        ; --            ; --          ; tb_bpsk          ;
; EDA_DESIGN_INSTANCE_NAME             ; NA                                                                                                                                                                                                                                                                                                                                                                                                        ; --            ; --          ; tb_costas        ;
; EDA_NATIVELINK_SIMULATION_TEST_BENCH ; tb_costas                                                                                                                                                                                                                                                                                                                                                                                                 ; --            ; --          ; eda_simulation   ;
; EDA_OUTPUT_DATA_FORMAT               ; Verilog Hdl                                                                                                                                                                                                                                                                                                                                                                                               ; --            ; --          ; eda_simulation   ;
; EDA_SIMULATION_TOOL                  ; ModelSim (Verilog)                                                                                                                                                                                                                                                                                                                                                                                        ; <None>        ; --          ; --               ;
; EDA_TEST_BENCH_ENABLE_STATUS         ; TEST_BENCH_MODE                                                                                                                                                                                                                                                                                                                                                                                           ; --            ; --          ; eda_simulation   ;
; EDA_TEST_BENCH_FILE                  ; ../sim/tb_LoopFilter.v                                                                                                                                                                                                                                                                                                                                                                                    ; --            ; --          ; tb_LoopFilter    ;
; EDA_TEST_BENCH_FILE                  ; ../sim/tb_dds_ctrl.v                                                                                                                                                                                                                                                                                                                                                                                      ; --            ; --          ; tb_dds_ctrl      ;
; EDA_TEST_BENCH_FILE                  ; ../sim/tb_bpsk.v                                                                                                                                                                                                                                                                                                                                                                                          ; --            ; --          ; tb_bpsk          ;
; EDA_TEST_BENCH_FILE                  ; ../sim/tb_costas.v                                                                                                                                                                                                                                                                                                                                                                                        ; --            ; --          ; tb_costas        ;
; EDA_TEST_BENCH_MODULE_NAME           ; tb_LoopFilter                                                                                                                                                                                                                                                                                                                                                                                             ; --            ; --          ; tb_LoopFilter    ;
; EDA_TEST_BENCH_MODULE_NAME           ; tb_dds_ctrl                                                                                                                                                                                                                                                                                                                                                                                               ; --            ; --          ; tb_dds_ctrl      ;
; EDA_TEST_BENCH_MODULE_NAME           ; tb_bpsk                                                                                                                                                                                                                                                                                                                                                                                                   ; --            ; --          ; tb_bpsk          ;
; EDA_TEST_BENCH_MODULE_NAME           ; tb_costas                                                                                                                                                                                                                                                                                                                                                                                                 ; --            ; --          ; tb_costas        ;
; EDA_TEST_BENCH_NAME                  ; tb_costas                                                                                                                                                                                                                                                                                                                                                                                                 ; --            ; --          ; eda_simulation   ;
; EDA_TEST_BENCH_NAME                  ; tb_bpsk                                                                                                                                                                                                                                                                                                                                                                                                   ; --            ; --          ; eda_simulation   ;
; EDA_TEST_BENCH_NAME                  ; tb_LoopFilter                                                                                                                                                                                                                                                                                                                                                                                             ; --            ; --          ; eda_simulation   ;
; EDA_TEST_BENCH_NAME                  ; tb_dds_ctrl                                                                                                                                                                                                                                                                                                                                                                                               ; --            ; --          ; eda_simulation   ;
; EDA_TEST_BENCH_RUN_SIM_FOR           ; 1 us                                                                                                                                                                                                                                                                                                                                                                                                      ; --            ; --          ; tb_LoopFilter    ;
; EDA_TEST_BENCH_RUN_SIM_FOR           ; 1 us                                                                                                                                                                                                                                                                                                                                                                                                      ; --            ; --          ; tb_dds_ctrl      ;
; EDA_TEST_BENCH_RUN_SIM_FOR           ; 1 us                                                                                                                                                                                                                                                                                                                                                                                                      ; --            ; --          ; tb_bpsk          ;
; EDA_TEST_BENCH_RUN_SIM_FOR           ; 1 us                                                                                                                                                                                                                                                                                                                                                                                                      ; --            ; --          ; tb_costas        ;
; EDA_TIME_SCALE                       ; 1 ps                                                                                                                                                                                                                                                                                                                                                                                                      ; --            ; --          ; eda_simulation   ;
; ENABLE_SIGNALTAP                     ; On                                                                                                                                                                                                                                                                                                                                                                                                        ; --            ; --          ; --               ;
; MAX_CORE_JUNCTION_TEMP               ; 100                                                                                                                                                                                                                                                                                                                                                                                                       ; --            ; --          ; --               ;
; MIN_CORE_JUNCTION_TEMP               ; -40                                                                                                                                                                                                                                                                                                                                                                                                       ; --            ; --          ; --               ;
; MISC_FILE                            ; ip_core/NCO/NCO/simulation/../../NCO.qsys                                                                                                                                                                                                                                                                                                                                                                 ; --            ; --          ; --               ;
; MISC_FILE                            ; ip_core/NCO/NCO/simulation/NCO.v                                                                                                                                                                                                                                                                                                                                                                          ; --            ; --          ; --               ;
; MISC_FILE                            ; ip_core/NCO/NCO/simulation/submodules/mentor/sid_2c_1p.v                                                                                                                                                                                                                                                                                                                                                  ; --            ; --          ; --               ;
; MISC_FILE                            ; ip_core/NCO/NCO/simulation/submodules/aldec/sid_2c_1p.v                                                                                                                                                                                                                                                                                                                                                   ; --            ; --          ; --               ;
; MISC_FILE                            ; ip_core/NCO/NCO/simulation/submodules/mentor/asj_nco_fxx.v                                                                                                                                                                                                                                                                                                                                                ; --            ; --          ; --               ;
; MISC_FILE                            ; ip_core/NCO/NCO/simulation/submodules/aldec/asj_nco_fxx.v                                                                                                                                                                                                                                                                                                                                                 ; --            ; --          ; --               ;
; MISC_FILE                            ; ip_core/NCO/NCO/simulation/submodules/mentor/asj_gar.v                                                                                                                                                                                                                                                                                                                                                    ; --            ; --          ; --               ;
; MISC_FILE                            ; ip_core/NCO/NCO/simulation/submodules/aldec/asj_gar.v                                                                                                                                                                                                                                                                                                                                                     ; --            ; --          ; --               ;
; MISC_FILE                            ; ip_core/NCO/NCO/simulation/submodules/mentor/asj_nco_apr_dxx.v                                                                                                                                                                                                                                                                                                                                            ; --            ; --          ; --               ;
; MISC_FILE                            ; ip_core/NCO/NCO/simulation/submodules/aldec/asj_nco_apr_dxx.v                                                                                                                                                                                                                                                                                                                                             ; --            ; --          ; --               ;
; MISC_FILE                            ; ip_core/NCO/NCO/simulation/submodules/mentor/asj_dxx_g.v                                                                                                                                                                                                                                                                                                                                                  ; --            ; --          ; --               ;
; MISC_FILE                            ; ip_core/NCO/NCO/simulation/submodules/aldec/asj_dxx_g.v                                                                                                                                                                                                                                                                                                                                                   ; --            ; --          ; --               ;
; MISC_FILE                            ; ip_core/NCO/NCO/simulation/submodules/mentor/asj_nco_as_m_cen.v                                                                                                                                                                                                                                                                                                                                           ; --            ; --          ; --               ;
; MISC_FILE                            ; ip_core/NCO/NCO/simulation/submodules/aldec/asj_nco_as_m_cen.v                                                                                                                                                                                                                                                                                                                                            ; --            ; --          ; --               ;
; MISC_FILE                            ; ip_core/NCO/NCO/simulation/submodules/mentor/asj_altqmcpipe.v                                                                                                                                                                                                                                                                                                                                             ; --            ; --          ; --               ;
; MISC_FILE                            ; ip_core/NCO/NCO/simulation/submodules/aldec/asj_altqmcpipe.v                                                                                                                                                                                                                                                                                                                                              ; --            ; --          ; --               ;
; MISC_FILE                            ; ip_core/NCO/NCO/simulation/submodules/mentor/asj_nco_mob_rw.v                                                                                                                                                                                                                                                                                                                                             ; --            ; --          ; --               ;
; MISC_FILE                            ; ip_core/NCO/NCO/simulation/submodules/aldec/asj_nco_mob_rw.v                                                                                                                                                                                                                                                                                                                                              ; --            ; --          ; --               ;
; MISC_FILE                            ; ip_core/NCO/NCO/simulation/submodules/mentor/asj_nco_isdr.v                                                                                                                                                                                                                                                                                                                                               ; --            ; --          ; --               ;
; MISC_FILE                            ; ip_core/NCO/NCO/simulation/submodules/aldec/asj_nco_isdr.v                                                                                                                                                                                                                                                                                                                                                ; --            ; --          ; --               ;
; MISC_FILE                            ; ip_core/NCO/NCO/simulation/submodules/mentor/segment_arr_tdl.v                                                                                                                                                                                                                                                                                                                                            ; --            ; --          ; --               ;
; MISC_FILE                            ; ip_core/NCO/NCO/simulation/submodules/aldec/segment_arr_tdl.v                                                                                                                                                                                                                                                                                                                                             ; --            ; --          ; --               ;
; MISC_FILE                            ; ip_core/NCO/NCO/simulation/submodules/mentor/asj_nco_pxx.v                                                                                                                                                                                                                                                                                                                                                ; --            ; --          ; --               ;
; MISC_FILE                            ; ip_core/NCO/NCO/simulation/submodules/aldec/asj_nco_pxx.v                                                                                                                                                                                                                                                                                                                                                 ; --            ; --          ; --               ;
; MISC_FILE                            ; ip_core/NCO/NCO/simulation/submodules/mentor/segment_sel.v                                                                                                                                                                                                                                                                                                                                                ; --            ; --          ; --               ;
; MISC_FILE                            ; ip_core/NCO/NCO/simulation/submodules/aldec/segment_sel.v                                                                                                                                                                                                                                                                                                                                                 ; --            ; --          ; --               ;
; MISC_FILE                            ; ip_core/NCO/NCO/simulation/submodules/mentor/asj_dxx.v                                                                                                                                                                                                                                                                                                                                                    ; --            ; --          ; --               ;
; MISC_FILE                            ; ip_core/NCO/NCO/simulation/submodules/aldec/asj_dxx.v                                                                                                                                                                                                                                                                                                                                                     ; --            ; --          ; --               ;
; MISC_FILE                            ; ip_core/NCO/NCO/simulation/submodules/mentor/asj_xnqg.v                                                                                                                                                                                                                                                                                                                                                   ; --            ; --          ; --               ;
; MISC_FILE                            ; ip_core/NCO/NCO/simulation/submodules/aldec/asj_xnqg.v                                                                                                                                                                                                                                                                                                                                                    ; --            ; --          ; --               ;
; MISC_FILE                            ; ip_core/NCO/NCO/simulation/submodules/NCO_nco_ii_0_sin.hex                                                                                                                                                                                                                                                                                                                                                ; --            ; --          ; --               ;
; MISC_FILE                            ; ip_core/NCO/NCO/simulation/submodules/NCO_nco_ii_0_cos.hex                                                                                                                                                                                                                                                                                                                                                ; --            ; --          ; --               ;
; MISC_FILE                            ; ip_core/NCO/NCO/simulation/submodules/NCO_nco_ii_0.v                                                                                                                                                                                                                                                                                                                                                      ; --            ; --          ; --               ;
; MISC_FILE                            ; ip_core/NCO/NCO/simulation/submodules/NCO_nco_ii_0_tb.vhd                                                                                                                                                                                                                                                                                                                                                 ; --            ; --          ; --               ;
; MISC_FILE                            ; ip_core/NCO/NCO/simulation/submodules/c_model/model_wrapper.cpp                                                                                                                                                                                                                                                                                                                                           ; --            ; --          ; --               ;
; MISC_FILE                            ; ip_core/NCO/NCO/simulation/submodules/c_model/nco_model.cpp                                                                                                                                                                                                                                                                                                                                               ; --            ; --          ; --               ;
; MISC_FILE                            ; ip_core/NCO/NCO/simulation/submodules/c_model/nco_model.h                                                                                                                                                                                                                                                                                                                                                 ; --            ; --          ; --               ;
; MISC_FILE                            ; ip_core/NCO/NCO/synthesis/../NCO.cmp                                                                                                                                                                                                                                                                                                                                                                      ; --            ; --          ; --               ;
; MISC_FILE                            ; ip_core/NCO/NCO/synthesis/../../NCO.qsys                                                                                                                                                                                                                                                                                                                                                                  ; --            ; --          ; --               ;
; MISC_FILE                            ; ip_core/FIR_lpf/FIR_lpf.cmp                                                                                                                                                                                                                                                                                                                                                                               ; --            ; --          ; --               ;
; MISC_FILE                            ; ip_core/FIR_lpf/FIR_lpf_sim/dspba_library_package.vhd                                                                                                                                                                                                                                                                                                                                                     ; --            ; --          ; --               ;
; MISC_FILE                            ; ip_core/FIR_lpf/FIR_lpf_sim/dspba_library.vhd                                                                                                                                                                                                                                                                                                                                                             ; --            ; --          ; --               ;
; MISC_FILE                            ; ip_core/FIR_lpf/FIR_lpf_sim/auk_dspip_math_pkg_hpfir.vhd                                                                                                                                                                                                                                                                                                                                                  ; --            ; --          ; --               ;
; MISC_FILE                            ; ip_core/FIR_lpf/FIR_lpf_sim/auk_dspip_lib_pkg_hpfir.vhd                                                                                                                                                                                                                                                                                                                                                   ; --            ; --          ; --               ;
; MISC_FILE                            ; ip_core/FIR_lpf/FIR_lpf_sim/auk_dspip_avalon_streaming_controller_hpfir.vhd                                                                                                                                                                                                                                                                                                                               ; --            ; --          ; --               ;
; MISC_FILE                            ; ip_core/FIR_lpf/FIR_lpf_sim/auk_dspip_avalon_streaming_sink_hpfir.vhd                                                                                                                                                                                                                                                                                                                                     ; --            ; --          ; --               ;
; MISC_FILE                            ; ip_core/FIR_lpf/FIR_lpf_sim/auk_dspip_avalon_streaming_source_hpfir.vhd                                                                                                                                                                                                                                                                                                                                   ; --            ; --          ; --               ;
; MISC_FILE                            ; ip_core/FIR_lpf/FIR_lpf_sim/auk_dspip_roundsat_hpfir.vhd                                                                                                                                                                                                                                                                                                                                                  ; --            ; --          ; --               ;
; MISC_FILE                            ; ip_core/FIR_lpf/FIR_lpf_sim/altera_avalon_sc_fifo.v                                                                                                                                                                                                                                                                                                                                                       ; --            ; --          ; --               ;
; MISC_FILE                            ; ip_core/FIR_lpf/FIR_lpf_sim/FIR_lpf_rtl_core.vhd                                                                                                                                                                                                                                                                                                                                                          ; --            ; --          ; --               ;
; MISC_FILE                            ; ip_core/FIR_lpf/FIR_lpf_sim/FIR_lpf_ast.vhd                                                                                                                                                                                                                                                                                                                                                               ; --            ; --          ; --               ;
; MISC_FILE                            ; ip_core/FIR_lpf/FIR_lpf_sim/FIR_lpf.vhd                                                                                                                                                                                                                                                                                                                                                                   ; --            ; --          ; --               ;
; MISC_FILE                            ; ip_core/FIR_lpf/FIR_lpf_sim/FIR_lpf_nativelink.tcl                                                                                                                                                                                                                                                                                                                                                        ; --            ; --          ; --               ;
; MISC_FILE                            ; ip_core/FIR_lpf/FIR_lpf_sim/FIR_lpf_msim.tcl                                                                                                                                                                                                                                                                                                                                                              ; --            ; --          ; --               ;
; MISC_FILE                            ; ip_core/FIR_lpf/FIR_lpf_sim/FIR_lpf_tb.vhd                                                                                                                                                                                                                                                                                                                                                                ; --            ; --          ; --               ;
; MISC_FILE                            ; ip_core/FIR_lpf/FIR_lpf_sim/FIR_lpf_mlab.m                                                                                                                                                                                                                                                                                                                                                                ; --            ; --          ; --               ;
; MISC_FILE                            ; ip_core/FIR_lpf/FIR_lpf_sim/FIR_lpf_model.m                                                                                                                                                                                                                                                                                                                                                               ; --            ; --          ; --               ;
; MISC_FILE                            ; ip_core/FIR_lpf/FIR_lpf_sim/FIR_lpf_coef_int.txt                                                                                                                                                                                                                                                                                                                                                          ; --            ; --          ; --               ;
; MISC_FILE                            ; ip_core/FIR_lpf/FIR_lpf_sim/FIR_lpf_input.txt                                                                                                                                                                                                                                                                                                                                                             ; --            ; --          ; --               ;
; MISC_FILE                            ; ip_core/FIR_lpf/FIR_lpf_sim/FIR_lpf_param.txt                                                                                                                                                                                                                                                                                                                                                             ; --            ; --          ; --               ;
; MISC_FILE                            ; ip_core/mul/mul_inst.v                                                                                                                                                                                                                                                                                                                                                                                    ; --            ; --          ; --               ;
; OUTPUT_IO_TIMING_FAR_END_VMEAS       ; Half Signal Swing                                                                                                                                                                                                                                                                                                                                                                                         ; --            ; --          ; --               ;
; OUTPUT_IO_TIMING_FAR_END_VMEAS       ; Half Signal Swing                                                                                                                                                                                                                                                                                                                                                                                         ; --            ; --          ; --               ;
; OUTPUT_IO_TIMING_NEAR_END_VMEAS      ; Half Vccio                                                                                                                                                                                                                                                                                                                                                                                                ; --            ; --          ; --               ;
; OUTPUT_IO_TIMING_NEAR_END_VMEAS      ; Half Vccio                                                                                                                                                                                                                                                                                                                                                                                                ; --            ; --          ; --               ;
; PARTITION_COLOR                      ; 16764057                                                                                                                                                                                                                                                                                                                                                                                                  ; --            ; --          ; Top              ;
; PARTITION_FITTER_PRESERVATION_LEVEL  ; PLACEMENT_AND_ROUTING                                                                                                                                                                                                                                                                                                                                                                                     ; --            ; --          ; Top              ;
; PARTITION_NETLIST_TYPE               ; SOURCE                                                                                                                                                                                                                                                                                                                                                                                                    ; --            ; --          ; Top              ;
; POWER_BOARD_THERMAL_MODEL            ; None (CONSERVATIVE)                                                                                                                                                                                                                                                                                                                                                                                       ; --            ; --          ; --               ;
; POWER_PRESET_COOLING_SOLUTION        ; 23 MM HEAT SINK WITH 200 LFPM AIRFLOW                                                                                                                                                                                                                                                                                                                                                                     ; --            ; --          ; --               ;
; PROJECT_OUTPUT_DIRECTORY             ; output_files                                                                                                                                                                                                                                                                                                                                                                                              ; --            ; --          ; --               ;
; SLD_FILE                             ; ip_core/NCO/NCO/synthesis/NCO.debuginfo                                                                                                                                                                                                                                                                                                                                                                   ; --            ; --          ; --               ;
; SLD_FILE                             ; db/stp4_auto_stripped.stp                                                                                                                                                                                                                                                                                                                                                                                 ; --            ; --          ; --               ;
; SLD_INFO                             ; QSYS_NAME NCO HAS_SOPCINFO 1 GENERATION_ID 1646151861                                                                                                                                                                                                                                                                                                                                                     ; --            ; NCO         ; --               ;
; SLD_NODE_CREATOR_ID                  ; 110                                                                                                                                                                                                                                                                                                                                                                                                       ; --            ; --          ; auto_signaltap_0 ;
; SLD_NODE_ENTITY_NAME                 ; sld_signaltap                                                                                                                                                                                                                                                                                                                                                                                             ; --            ; --          ; auto_signaltap_0 ;
; SLD_NODE_PARAMETER_ASSIGNMENT        ; SLD_RAM_BLOCK_TYPE=AUTO                                                                                                                                                                                                                                                                                                                                                                                   ; --            ; --          ; auto_signaltap_0 ;
; SLD_NODE_PARAMETER_ASSIGNMENT        ; SLD_NODE_INFO=805334528                                                                                                                                                                                                                                                                                                                                                                                   ; --            ; --          ; auto_signaltap_0 ;
; SLD_NODE_PARAMETER_ASSIGNMENT        ; SLD_POWER_UP_TRIGGER=0                                                                                                                                                                                                                                                                                                                                                                                    ; --            ; --          ; auto_signaltap_0 ;
; SLD_NODE_PARAMETER_ASSIGNMENT        ; SLD_STORAGE_QUALIFIER_INVERSION_MASK_LENGTH=0                                                                                                                                                                                                                                                                                                                                                             ; --            ; --          ; auto_signaltap_0 ;
; SLD_NODE_PARAMETER_ASSIGNMENT        ; SLD_SEGMENT_SIZE=4096                                                                                                                                                                                                                                                                                                                                                                                     ; --            ; --          ; auto_signaltap_0 ;
; SLD_NODE_PARAMETER_ASSIGNMENT        ; SLD_ATTRIBUTE_MEM_MODE=OFF                                                                                                                                                                                                                                                                                                                                                                                ; --            ; --          ; auto_signaltap_0 ;
; SLD_NODE_PARAMETER_ASSIGNMENT        ; SLD_STATE_FLOW_USE_GENERATED=0                                                                                                                                                                                                                                                                                                                                                                            ; --            ; --          ; auto_signaltap_0 ;
; SLD_NODE_PARAMETER_ASSIGNMENT        ; SLD_STATE_BITS=11                                                                                                                                                                                                                                                                                                                                                                                         ; --            ; --          ; auto_signaltap_0 ;
; SLD_NODE_PARAMETER_ASSIGNMENT        ; SLD_BUFFER_FULL_STOP=1                                                                                                                                                                                                                                                                                                                                                                                    ; --            ; --          ; auto_signaltap_0 ;
; SLD_NODE_PARAMETER_ASSIGNMENT        ; SLD_CURRENT_RESOURCE_WIDTH=1                                                                                                                                                                                                                                                                                                                                                                              ; --            ; --          ; auto_signaltap_0 ;
; SLD_NODE_PARAMETER_ASSIGNMENT        ; SLD_INCREMENTAL_ROUTING=1                                                                                                                                                                                                                                                                                                                                                                                 ; --            ; --          ; auto_signaltap_0 ;
; SLD_NODE_PARAMETER_ASSIGNMENT        ; SLD_TRIGGER_LEVEL=1                                                                                                                                                                                                                                                                                                                                                                                       ; --            ; --          ; auto_signaltap_0 ;
; SLD_NODE_PARAMETER_ASSIGNMENT        ; SLD_SAMPLE_DEPTH=4096                                                                                                                                                                                                                                                                                                                                                                                     ; --            ; --          ; auto_signaltap_0 ;
; SLD_NODE_PARAMETER_ASSIGNMENT        ; SLD_TRIGGER_IN_ENABLED=0                                                                                                                                                                                                                                                                                                                                                                                  ; --            ; --          ; auto_signaltap_0 ;
; SLD_NODE_PARAMETER_ASSIGNMENT        ; SLD_TRIGGER_PIPELINE=0                                                                                                                                                                                                                                                                                                                                                                                    ; --            ; --          ; auto_signaltap_0 ;
; SLD_NODE_PARAMETER_ASSIGNMENT        ; SLD_RAM_PIPELINE=0                                                                                                                                                                                                                                                                                                                                                                                        ; --            ; --          ; auto_signaltap_0 ;
; SLD_NODE_PARAMETER_ASSIGNMENT        ; SLD_COUNTER_PIPELINE=0                                                                                                                                                                                                                                                                                                                                                                                    ; --            ; --          ; auto_signaltap_0 ;
; SLD_NODE_PARAMETER_ASSIGNMENT        ; SLD_ADVANCED_TRIGGER_ENTITY=basic,1,                                                                                                                                                                                                                                                                                                                                                                      ; --            ; --          ; auto_signaltap_0 ;
; SLD_NODE_PARAMETER_ASSIGNMENT        ; SLD_TRIGGER_LEVEL_PIPELINE=1                                                                                                                                                                                                                                                                                                                                                                              ; --            ; --          ; auto_signaltap_0 ;
; SLD_NODE_PARAMETER_ASSIGNMENT        ; SLD_ENABLE_ADVANCED_TRIGGER=0                                                                                                                                                                                                                                                                                                                                                                             ; --            ; --          ; auto_signaltap_0 ;
; SLD_NODE_PARAMETER_ASSIGNMENT        ; SLD_DATA_BITS=116                                                                                                                                                                                                                                                                                                                                                                                         ; --            ; --          ; auto_signaltap_0 ;
; SLD_NODE_PARAMETER_ASSIGNMENT        ; SLD_TRIGGER_BITS=116                                                                                                                                                                                                                                                                                                                                                                                      ; --            ; --          ; auto_signaltap_0 ;
; SLD_NODE_PARAMETER_ASSIGNMENT        ; SLD_STORAGE_QUALIFIER_BITS=116                                                                                                                                                                                                                                                                                                                                                                            ; --            ; --          ; auto_signaltap_0 ;
; SLD_NODE_PARAMETER_ASSIGNMENT        ; SLD_INVERSION_MASK=00000000000000000000000000000000000000000000000000000000000000000000000000000000000000000000000000000000000000000000000000000000000000000000000000000000000000000000000000000000000000000000000000000000000000000000000000000000000000000000000000000000000000000000000000000000000000000000000000000000000000000000000000000000000000000000000000000000000000000000000000000000000000 ; --            ; --          ; auto_signaltap_0 ;
; SLD_NODE_PARAMETER_ASSIGNMENT        ; SLD_INVERSION_MASK_LENGTH=374                                                                                                                                                                                                                                                                                                                                                                             ; --            ; --          ; auto_signaltap_0 ;
; SOPCINFO_FILE                        ; ip_core/NCO/NCO/synthesis/../../NCO.sopcinfo                                                                                                                                                                                                                                                                                                                                                              ; --            ; --          ; --               ;
; SPD_FILE                             ; ip_core/NCO/NCO/simulation/../NCO.spd                                                                                                                                                                                                                                                                                                                                                                     ; --            ; --          ; --               ;
; SPD_FILE                             ; ip_core/FIR_lpf/FIR_lpf.spd                                                                                                                                                                                                                                                                                                                                                                               ; --            ; --          ; --               ;
; SYNTHESIS_ONLY_QIP                   ; On                                                                                                                                                                                                                                                                                                                                                                                                        ; --            ; --          ; --               ;
; SYNTHESIS_ONLY_QIP                   ; On                                                                                                                                                                                                                                                                                                                                                                                                        ; --            ; --          ; --               ;
; USE_SIGNALTAP_FILE                   ; output_files/stp4.stp                                                                                                                                                                                                                                                                                                                                                                                     ; --            ; --          ; --               ;
+--------------------------------------+-----------------------------------------------------------------------------------------------------------------------------------------------------------------------------------------------------------------------------------------------------------------------------------------------------------------------------------------------------------------------------------------------------------+---------------+-------------+------------------+


+-------------------------------------------------------------------------------------------------------------------------------+
; Flow Elapsed Time                                                                                                             ;
+---------------------------+--------------+-------------------------+---------------------+------------------------------------+
; Module Name               ; Elapsed Time ; Average Processors Used ; Peak Virtual Memory ; Total CPU Time (on all processors) ;
+---------------------------+--------------+-------------------------+---------------------+------------------------------------+
; Analysis & Synthesis      ; 00:00:43     ; 1.0                     ; 5290 MB             ; 00:01:01                           ;
; Fitter                    ; 00:01:27     ; 1.3                     ; 7498 MB             ; 00:03:03                           ;
; Assembler                 ; 00:00:13     ; 1.0                     ; 5124 MB             ; 00:00:13                           ;
; TimeQuest Timing Analyzer ; 00:00:28     ; 1.5                     ; 6028 MB             ; 00:00:41                           ;
; EDA Netlist Writer        ; 00:00:07     ; 1.0                     ; 5038 MB             ; 00:00:07                           ;
; Analysis & Synthesis      ; 00:00:46     ; 1.0                     ; 5288 MB             ; 00:01:04                           ;
; Partition Merge           ; 00:00:03     ; 1.0                     ; 5035 MB             ; 00:00:03                           ;
; Fitter                    ; 00:01:25     ; 1.2                     ; 7493 MB             ; 00:02:58                           ;
; Assembler                 ; 00:00:12     ; 1.0                     ; 5121 MB             ; 00:00:13                           ;
; TimeQuest Timing Analyzer ; 00:00:25     ; 1.5                     ; 6022 MB             ; 00:00:37                           ;
; EDA Netlist Writer        ; 00:00:06     ; 1.0                     ; 5037 MB             ; 00:00:06                           ;
; Analysis & Synthesis      ; 00:00:44     ; 1.0                     ; 5291 MB             ; 00:01:04                           ;
; Partition Merge           ; 00:00:03     ; 1.0                     ; 5037 MB             ; 00:00:03                           ;
; Fitter                    ; 00:01:26     ; 1.2                     ; 7493 MB             ; 00:03:05                           ;
; Assembler                 ; 00:00:12     ; 1.0                     ; 5118 MB             ; 00:00:13                           ;
; TimeQuest Timing Analyzer ; 00:00:24     ; 1.5                     ; 6021 MB             ; 00:00:36                           ;
; EDA Netlist Writer        ; 00:00:06     ; 1.0                     ; 5036 MB             ; 00:00:06                           ;
; Analysis & Synthesis      ; 00:00:13     ; 1.0                     ; 5084 MB             ; 00:00:26                           ;
; Analysis & Synthesis      ; 00:00:47     ; 1.0                     ; 5272 MB             ; 00:01:06                           ;
; Partition Merge           ; 00:00:03     ; 1.0                     ; 5034 MB             ; 00:00:03                           ;
; Fitter                    ; 00:01:27     ; 1.2                     ; 7493 MB             ; 00:03:00                           ;
; Assembler                 ; 00:00:14     ; 1.0                     ; 5122 MB             ; 00:00:13                           ;
; TimeQuest Timing Analyzer ; 00:00:27     ; 1.5                     ; 6019 MB             ; 00:00:38                           ;
; EDA Netlist Writer        ; 00:00:07     ; 1.0                     ; 5036 MB             ; 00:00:06                           ;
; Analysis & Synthesis      ; 00:00:40     ; 1.0                     ; 5219 MB             ; 00:00:57                           ;
; Partition Merge           ; 00:00:05     ; 1.0                     ; 5181 MB             ; 00:00:04                           ;
; Fitter                    ; 00:00:15     ; 1.0                     ; 5465 MB             ; 00:00:14                           ;
; Analysis & Synthesis      ; 00:00:40     ; 1.0                     ; 5215 MB             ; 00:00:58                           ;
; Partition Merge           ; 00:00:04     ; 1.0                     ; 5186 MB             ; 00:00:04                           ;
; Fitter                    ; 00:00:14     ; 1.0                     ; 5465 MB             ; 00:00:14                           ;
; Analysis & Synthesis      ; 00:00:39     ; 1.0                     ; 5215 MB             ; 00:00:58                           ;
; Partition Merge           ; 00:00:04     ; 1.0                     ; 5179 MB             ; 00:00:04                           ;
; Fitter                    ; 00:00:14     ; 1.0                     ; 5466 MB             ; 00:00:14                           ;
; Analysis & Synthesis      ; 00:00:46     ; 1.0                     ; 5283 MB             ; 00:01:05                           ;
; Partition Merge           ; 00:00:03     ; 1.0                     ; 5034 MB             ; 00:00:03                           ;
; Fitter                    ; 00:01:31     ; 1.2                     ; 7490 MB             ; 00:03:11                           ;
; Assembler                 ; 00:00:14     ; 1.0                     ; 5122 MB             ; 00:00:13                           ;
; TimeQuest Timing Analyzer ; 00:00:27     ; 1.5                     ; 6018 MB             ; 00:00:38                           ;
; EDA Netlist Writer        ; 00:00:06     ; 1.0                     ; 5034 MB             ; 00:00:06                           ;
; Analysis & Synthesis      ; 00:00:38     ; 1.0                     ; 5217 MB             ; 00:00:56                           ;
; Partition Merge           ; 00:00:06     ; 1.0                     ; 5184 MB             ; 00:00:06                           ;
; Fitter                    ; 00:01:21     ; 1.3                     ; 7524 MB             ; 00:02:38                           ;
; Assembler                 ; 00:00:14     ; 1.0                     ; 5111 MB             ; 00:00:13                           ;
; TimeQuest Timing Analyzer ; 00:00:25     ; 1.6                     ; 6020 MB             ; 00:00:37                           ;
; EDA Netlist Writer        ; 00:00:06     ; 1.0                     ; 5034 MB             ; 00:00:06                           ;
; Analysis & Synthesis      ; 00:00:46     ; 1.0                     ; 5289 MB             ; 00:01:05                           ;
; Partition Merge           ; 00:00:03     ; 1.0                     ; 5036 MB             ; 00:00:03                           ;
; Fitter                    ; 00:01:31     ; 1.2                     ; 7514 MB             ; 00:03:15                           ;
; Assembler                 ; 00:00:13     ; 1.0                     ; 5117 MB             ; 00:00:13                           ;
; TimeQuest Timing Analyzer ; 00:00:26     ; 1.6                     ; 6021 MB             ; 00:00:40                           ;
; EDA Netlist Writer        ; 00:00:06     ; 1.0                     ; 5035 MB             ; 00:00:06                           ;
; Analysis & Synthesis      ; 00:00:47     ; 1.0                     ; 5295 MB             ; 00:01:09                           ;
; Analysis & Synthesis      ; 00:00:39     ; 1.0                     ; 5205 MB             ; 00:00:59                           ;
; Partition Merge           ; 00:00:03     ; 1.0                     ; 5038 MB             ; 00:00:03                           ;
; Fitter                    ; 00:01:29     ; 1.2                     ; 7515 MB             ; 00:03:11                           ;
; Assembler                 ; 00:00:14     ; 1.0                     ; 5119 MB             ; 00:00:13                           ;
; TimeQuest Timing Analyzer ; 00:00:26     ; 1.5                     ; 6021 MB             ; 00:00:38                           ;
; EDA Netlist Writer        ; 00:00:06     ; 1.0                     ; 5036 MB             ; 00:00:07                           ;
; Total                     ; 00:27:49     ; --                      ; --                  ; 00:46:06                           ;
+---------------------------+--------------+-------------------------+---------------------+------------------------------------+


+----------------------------------------------------------------------------------------+
; Flow OS Summary                                                                        ;
+---------------------------+------------------+-----------+------------+----------------+
; Module Name               ; Machine Hostname ; OS Name   ; OS Version ; Processor type ;
+---------------------------+------------------+-----------+------------+----------------+
; Analysis & Synthesis      ; lhy  ; Windows 8 ; 6.2        ; x86_64         ;
; Fitter                    ; lhy  ; Windows 8 ; 6.2        ; x86_64         ;
; Assembler                 ; lhy  ; Windows 8 ; 6.2        ; x86_64         ;
; TimeQuest Timing Analyzer ; lhy  ; Windows 8 ; 6.2        ; x86_64         ;
; EDA Netlist Writer        ; lhy  ; Windows 8 ; 6.2        ; x86_64         ;
; Analysis & Synthesis      ; lhy  ; Windows 8 ; 6.2        ; x86_64         ;
; Partition Merge           ; lhy  ; Windows 8 ; 6.2        ; x86_64         ;
; Fitter                    ; lhy  ; Windows 8 ; 6.2        ; x86_64         ;
; Assembler                 ; lhy  ; Windows 8 ; 6.2        ; x86_64         ;
; TimeQuest Timing Analyzer ; lhy  ; Windows 8 ; 6.2        ; x86_64         ;
; EDA Netlist Writer        ; lhy  ; Windows 8 ; 6.2        ; x86_64         ;
; Analysis & Synthesis      ; lhy  ; Windows 8 ; 6.2        ; x86_64         ;
; Partition Merge           ; lhy  ; Windows 8 ; 6.2        ; x86_64         ;
; Fitter                    ; lhy  ; Windows 8 ; 6.2        ; x86_64         ;
; Assembler                 ; lhy  ; Windows 8 ; 6.2        ; x86_64         ;
; TimeQuest Timing Analyzer ; lhy  ; Windows 8 ; 6.2        ; x86_64         ;
; EDA Netlist Writer        ; lhy  ; Windows 8 ; 6.2        ; x86_64         ;
; Analysis & Synthesis      ; lhy  ; Windows 8 ; 6.2        ; x86_64         ;
; Analysis & Synthesis      ; lhy  ; Windows 8 ; 6.2        ; x86_64         ;
; Partition Merge           ; lhy  ; Windows 8 ; 6.2        ; x86_64         ;
; Fitter                    ; lhy  ; Windows 8 ; 6.2        ; x86_64         ;
; Assembler                 ; lhy  ; Windows 8 ; 6.2        ; x86_64         ;
; TimeQuest Timing Analyzer ; lhy  ; Windows 8 ; 6.2        ; x86_64         ;
; EDA Netlist Writer        ; lhy  ; Windows 8 ; 6.2        ; x86_64         ;
; Analysis & Synthesis      ; lhy  ; Windows 8 ; 6.2        ; x86_64         ;
; Partition Merge           ; lhy  ; Windows 8 ; 6.2        ; x86_64         ;
; Fitter                    ; lhy  ; Windows 8 ; 6.2        ; x86_64         ;
; Analysis & Synthesis      ; lhy  ; Windows 8 ; 6.2        ; x86_64         ;
; Partition Merge           ; lhy  ; Windows 8 ; 6.2        ; x86_64         ;
; Fitter                    ; lhy  ; Windows 8 ; 6.2        ; x86_64         ;
; Analysis & Synthesis      ; lhy  ; Windows 8 ; 6.2        ; x86_64         ;
; Partition Merge           ; lhy  ; Windows 8 ; 6.2        ; x86_64         ;
; Fitter                    ; lhy  ; Windows 8 ; 6.2        ; x86_64         ;
; Analysis & Synthesis      ; lhy  ; Windows 8 ; 6.2        ; x86_64         ;
; Partition Merge           ; lhy  ; Windows 8 ; 6.2        ; x86_64         ;
; Fitter                    ; lhy  ; Windows 8 ; 6.2        ; x86_64         ;
; Assembler                 ; lhy  ; Windows 8 ; 6.2        ; x86_64         ;
; TimeQuest Timing Analyzer ; lhy  ; Windows 8 ; 6.2        ; x86_64         ;
; EDA Netlist Writer        ; lhy  ; Windows 8 ; 6.2        ; x86_64         ;
; Analysis & Synthesis      ; lhy  ; Windows 8 ; 6.2        ; x86_64         ;
; Partition Merge           ; lhy  ; Windows 8 ; 6.2        ; x86_64         ;
; Fitter                    ; lhy  ; Windows 8 ; 6.2        ; x86_64         ;
; Assembler                 ; lhy  ; Windows 8 ; 6.2        ; x86_64         ;
; TimeQuest Timing Analyzer ; lhy  ; Windows 8 ; 6.2        ; x86_64         ;
; EDA Netlist Writer        ; lhy  ; Windows 8 ; 6.2        ; x86_64         ;
; Analysis & Synthesis      ; lhy  ; Windows 8 ; 6.2        ; x86_64         ;
; Partition Merge           ; lhy  ; Windows 8 ; 6.2        ; x86_64         ;
; Fitter                    ; lhy  ; Windows 8 ; 6.2        ; x86_64         ;
; Assembler                 ; lhy  ; Windows 8 ; 6.2        ; x86_64         ;
; TimeQuest Timing Analyzer ; lhy  ; Windows 8 ; 6.2        ; x86_64         ;
; EDA Netlist Writer        ; lhy  ; Windows 8 ; 6.2        ; x86_64         ;
; Analysis & Synthesis      ; lhy  ; Windows 8 ; 6.2        ; x86_64         ;
; Analysis & Synthesis      ; lhy  ; Windows 8 ; 6.2        ; x86_64         ;
; Partition Merge           ; lhy  ; Windows 8 ; 6.2        ; x86_64         ;
; Fitter                    ; lhy  ; Windows 8 ; 6.2        ; x86_64         ;
; Assembler                 ; lhy  ; Windows 8 ; 6.2        ; x86_64         ;
; TimeQuest Timing Analyzer ; lhy  ; Windows 8 ; 6.2        ; x86_64         ;
; EDA Netlist Writer        ; lhy  ; Windows 8 ; 6.2        ; x86_64         ;
+---------------------------+------------------+-----------+------------+----------------+


------------
; Flow Log ;
------------
quartus_map --read_settings_files=on --write_settings_files=off costas -c costas
quartus_fit --read_settings_files=off --write_settings_files=off costas -c costas
quartus_asm --read_settings_files=off --write_settings_files=off costas -c costas
quartus_sta costas -c costas
quartus_eda --read_settings_files=off --write_settings_files=off costas -c costas
quartus_map --read_settings_files=on --write_settings_files=off costas -c costas
quartus_cdb --read_settings_files=off --write_settings_files=off costas -c costas --merge=on
quartus_fit --read_settings_files=off --write_settings_files=off costas -c costas
quartus_asm --read_settings_files=off --write_settings_files=off costas -c costas
quartus_sta costas -c costas
quartus_eda --read_settings_files=off --write_settings_files=off costas -c costas
quartus_map --read_settings_files=on --write_settings_files=off costas -c costas
quartus_cdb --read_settings_files=off --write_settings_files=off costas -c costas --merge=on
quartus_fit --read_settings_files=off --write_settings_files=off costas -c costas
quartus_asm --read_settings_files=off --write_settings_files=off costas -c costas
quartus_sta costas -c costas
quartus_eda --read_settings_files=off --write_settings_files=off costas -c costas
quartus_map --read_settings_files=on --write_settings_files=off costas -c costas
quartus_map --read_settings_files=on --write_settings_files=off costas -c costas
quartus_cdb --read_settings_files=off --write_settings_files=off costas -c costas --merge=on
quartus_fit --read_settings_files=off --write_settings_files=off costas -c costas
quartus_asm --read_settings_files=off --write_settings_files=off costas -c costas
quartus_sta costas -c costas
quartus_eda --read_settings_files=off --write_settings_files=off costas -c costas
quartus_map --read_settings_files=on --write_settings_files=off costas -c costas
quartus_cdb --read_settings_files=off --write_settings_files=off costas -c costas --merge=on
quartus_fit --read_settings_files=off --write_settings_files=off costas -c costas
quartus_map --read_settings_files=on --write_settings_files=off costas -c costas
quartus_cdb --read_settings_files=off --write_settings_files=off costas -c costas --merge=on
quartus_fit --read_settings_files=off --write_settings_files=off costas -c costas
quartus_map --read_settings_files=on --write_settings_files=off costas -c costas
quartus_cdb --read_settings_files=off --write_settings_files=off costas -c costas --merge=on
quartus_fit --read_settings_files=off --write_settings_files=off costas -c costas
quartus_map --read_settings_files=on --write_settings_files=off costas -c costas
quartus_cdb --read_settings_files=off --write_settings_files=off costas -c costas --merge=on
quartus_fit --read_settings_files=off --write_settings_files=off costas -c costas
quartus_asm --read_settings_files=off --write_settings_files=off costas -c costas
quartus_sta costas -c costas
quartus_eda --read_settings_files=off --write_settings_files=off costas -c costas
quartus_map --read_settings_files=on --write_settings_files=off costas -c costas
quartus_cdb --read_settings_files=off --write_settings_files=off costas -c costas --merge=on
quartus_fit --read_settings_files=off --write_settings_files=off costas -c costas
quartus_asm --read_settings_files=off --write_settings_files=off costas -c costas
quartus_sta costas -c costas
quartus_eda --read_settings_files=off --write_settings_files=off costas -c costas
quartus_map --read_settings_files=on --write_settings_files=off costas -c costas
quartus_cdb --read_settings_files=off --write_settings_files=off costas -c costas --merge=on
quartus_fit --read_settings_files=off --write_settings_files=off costas -c costas
quartus_asm --read_settings_files=off --write_settings_files=off costas -c costas
quartus_sta costas -c costas
quartus_eda --read_settings_files=off --write_settings_files=off costas -c costas
quartus_map --read_settings_files=on --write_settings_files=off costas -c costas
quartus_map --read_settings_files=on --write_settings_files=off costas -c costas
quartus_cdb --read_settings_files=off --write_settings_files=off costas -c costas --merge=on
quartus_fit --read_settings_files=off --write_settings_files=off costas -c costas
quartus_asm --read_settings_files=off --write_settings_files=off costas -c costas
quartus_sta costas -c costas
quartus_eda --read_settings_files=off --write_settings_files=off costas -c costas



